"blank"		"=========================="
"blank"		"#Valve_Movement_Title"
"blank"		"=========================="
"+forward"	"#Valve_Move_Forward"
"+back"		"#Valve_Move_Back"
"+moveleft"	"#Valve_Move_Left"
"+moveright"	"#Valve_Move_Right"
"+speed"       	"#Valve_Walk"
"+jump"		"#Valve_Jump"
"+duck"		"#Valve_Duck"
"blank"		"=========================="
"blank"		"#Valve_Combat_Title"
"blank"		"=========================="
"+attack"	"#Valve_Fire"
"+attack2"	"#Valve_Weapon_Special_Func"
"+reload"	"#Valve_Reload_Weapon"
"invprev"	"#Valve_Previous_Weapon"
"invnext"	"#Valve_Next_Weapon"
"lastinv"	"#Valve_Last_Weapon_Used"
"drop"	 	"#Valve_Drop_Weapon"
"blank"		"=========================="
"blank"		"#Valve_Communication_Title"
"blank"		"=========================="
"+voicerecord"	"#Valve_Use_Voice_Communication"
"say"		"#Valve_Chat_Message"
"say_team"	"#Valve_Team_Message"
"blank"		"=========================="
"blank"		"#Valve_Menu_Title"
"blank"		"=========================="
"+showscores"	"#Valve_Display_Scores"
"slot10"	"#Valve_Menu_Item_0"
"slot1"		"#Valve_Menu_Item_1"
"slot2"		"#Valve_Menu_Item_2"
"slot3" 	"#Valve_Menu_Item_3"
"slot4"		"#Valve_Menu_Item_4"
"slot5"		"#Valve_Menu_Item_5"
"slot6"		"#Valve_Menu_Item_6"
"slot7"		"#Valve_Menu_Item_7"
"slot8"		"#Valve_Menu_Item_8"
"slot9"		"#Valve_Menu_Item_9"
"blank"		"=========================="
"blank"		"#Valve_Miscellaneous_Title"
"blank"		"=========================="
"+use"		"#Valve_Use_Items"
"impulse 100"	"#Valve_Flashlight"
"impulse 201"	"#Valve_Spray_Logo"
"jpeg"		"#Valve_Take_Screen_Shot"
"quit"		"#Valve_Quit_Game"
"blank"		"=========================="
"blank"		"#Valve_Miscellaneous_Keyboard_Keys_Title"
"blank"		"=========================="
"+left"		"#Valve_Turn_Left"
"+right"	"#Valve_Turn_Right"
"+moveup"	"#Valve_Swim_Up"
"+movedown"	"#Valve_Swim_Down"
"+lookup"	"#Valve_Look_Up"
"+lookdown"	"#Valve_Look_Down"
"centerview"	"#Valve_Reset_View"
"+strafe"	"#Valve_Strafe_Modifier"
"+mlook"	"#Valve_Mouse_Look"
"+klook"	"#Valve_Keyboard_Look"

